<?xml version="1.0" encoding="UTF-8"?>
<!-- Generated by org.testng.reporters.JUnitReportReporter -->
<testsuite hostname="DurgaRao-PC" failures="0" tests="3" name="Utilities.excelDataProvider" time="0.040" errors="0" timestamp="11 May 2020 00:19:01 GMT" skipped="0">
  <testcase classname="Utilities.excelDataProvider" name="test1" time="0.018"/>
  <testcase classname="Utilities.excelDataProvider" name="test1" time="0.014"/>
  <testcase classname="Utilities.excelDataProvider" name="test1" time="0.008"/>
</testsuite> <!-- Utilities.excelDataProvider -->
