<?xml version="1.0" encoding="UTF-8"?>
<!-- Generated by org.testng.reporters.JUnitReportReporter -->
<testsuite hostname="akirapc" failures="0" tests="1" name="testcases.LoginTest" time="21.539" errors="0" timestamp="11 May 2020 03:05:04 GMT" skipped="0">
  <testcase classname="testcases.LoginTest" name="test1" time="21.539"/>
</testsuite> <!-- testcases.LoginTest -->
