<?xml version="1.0" encoding="UTF-8"?>
<!-- Generated by org.testng.reporters.JUnitReportReporter -->
<testsuite hostname="Hemanth" failures="0" tests="1" name="testcases.LoginTest" time="20.274" errors="0" timestamp="11 May 2020 09:47:05 GMT" skipped="0">
  <testcase classname="testcases.LoginTest" name="test1" time="20.274"/>
</testsuite> <!-- testcases.LoginTest -->
